<?xml version="1.0" encoding="UTF-8"?>
<!-- Generated by org.testng.reporters.JUnitReportReporter -->
<testsuite ignored="0" hostname="TI32" failures="0" tests="1" name="pruebaSelenium.NewTest" time="7.836" errors="0" timestamp="30 sept 2023 16:35:42 GMT" skipped="0">
  <testcase classname="pruebaSelenium.NewTest" name="f" time="7.836"/>
</testsuite> <!-- pruebaSelenium.NewTest -->
